2002.09.24 14:57 B D:\Geol_CA_ContlShelf\metadata\gma1geo.txt <-- SFML /outgoing/Geol_CA_ContlShelf/metadata gma1geo.txt
2002.09.24 14:57 B D:\Geol_CA_ContlShelf\metadata\gma1hab.txt <-- SFML /outgoing/Geol_CA_ContlShelf/metadata gma1hab.txt
2002.09.24 14:57 B D:\Geol_CA_ContlShelf\metadata\gma1str.txt <-- SFML /outgoing/Geol_CA_ContlShelf/metadata gma1str.txt
2002.09.24 14:57 B D:\Geol_CA_ContlShelf\metadata\gma1sub.txt <-- SFML /outgoing/Geol_CA_ContlShelf/metadata gma1sub.txt
2002.09.24 14:57 B D:\Geol_CA_ContlShelf\metadata\gma1sym.txt <-- SFML /outgoing/Geol_CA_ContlShelf/metadata gma1sym.txt
2002.09.24 14:57 B D:\Geol_CA_ContlShelf\metadata\gma2geo.txt <-- SFML /outgoing/Geol_CA_ContlShelf/metadata gma2geo.txt
2002.09.24 14:57 B D:\Geol_CA_ContlShelf\metadata\gma2hab.txt <-- SFML /outgoing/Geol_CA_ContlShelf/metadata gma2hab.txt
2002.09.24 14:57 B D:\Geol_CA_ContlShelf\metadata\gma2str.txt <-- SFML /outgoing/Geol_CA_ContlShelf/metadata gma2str.txt
2002.09.24 14:57 B D:\Geol_CA_ContlShelf\metadata\gma2sub.txt <-- SFML /outgoing/Geol_CA_ContlShelf/metadata gma2sub.txt
2002.09.24 14:57 B D:\Geol_CA_ContlShelf\metadata\gma2sym.txt <-- SFML /outgoing/Geol_CA_ContlShelf/metadata gma2sym.txt
2002.09.24 14:57 B D:\Geol_CA_ContlShelf\metadata\gma3geo.txt <-- SFML /outgoing/Geol_CA_ContlShelf/metadata gma3geo.txt
2002.09.24 14:57 B D:\Geol_CA_ContlShelf\metadata\gma3hab.txt <-- SFML /outgoing/Geol_CA_ContlShelf/metadata gma3hab.txt
2002.09.24 14:57 B D:\Geol_CA_ContlShelf\metadata\gma3str.txt <-- SFML /outgoing/Geol_CA_ContlShelf/metadata gma3str.txt
2002.09.24 14:57 B D:\Geol_CA_ContlShelf\metadata\gma3sym.txt <-- SFML /outgoing/Geol_CA_ContlShelf/metadata gma3sym.txt
2002.09.24 14:57 B D:\Geol_CA_ContlShelf\metadata\gma4geo.txt <-- SFML /outgoing/Geol_CA_ContlShelf/metadata gma4geo.txt
2002.09.24 14:57 B D:\Geol_CA_ContlShelf\metadata\gma4hab.txt <-- SFML /outgoing/Geol_CA_ContlShelf/metadata gma4hab.txt
2002.09.24 14:57 B D:\Geol_CA_ContlShelf\metadata\gma4str.txt <-- SFML /outgoing/Geol_CA_ContlShelf/metadata gma4str.txt
2002.09.24 14:57 B D:\Geol_CA_ContlShelf\metadata\gma4sub.txt <-- SFML /outgoing/Geol_CA_ContlShelf/metadata gma4sub.txt
2002.09.24 14:57 B D:\Geol_CA_ContlShelf\metadata\gma4sym.txt <-- SFML /outgoing/Geol_CA_ContlShelf/metadata gma4sym.txt
2002.09.24 14:57 B D:\Geol_CA_ContlShelf\metadata\gma5geo.txt <-- SFML /outgoing/Geol_CA_ContlShelf/metadata gma5geo.txt
2002.09.24 14:57 B D:\Geol_CA_ContlShelf\metadata\gma5hab.txt <-- SFML /outgoing/Geol_CA_ContlShelf/metadata gma5hab.txt
2002.09.24 14:57 B D:\Geol_CA_ContlShelf\metadata\gma5str.txt <-- SFML /outgoing/Geol_CA_ContlShelf/metadata gma5str.txt
2002.09.24 14:57 B D:\Geol_CA_ContlShelf\metadata\gma5sub.txt <-- SFML /outgoing/Geol_CA_ContlShelf/metadata gma5sub.txt
2002.09.24 14:57 B D:\Geol_CA_ContlShelf\metadata\gma5sym.txt <-- SFML /outgoing/Geol_CA_ContlShelf/metadata gma5sym.txt
2002.09.24 14:57 B D:\Geol_CA_ContlShelf\metadata\gma6str.txt <-- SFML /outgoing/Geol_CA_ContlShelf/metadata gma6str.txt
2002.09.24 14:57 B D:\Geol_CA_ContlShelf\metadata\gma6sub.txt <-- SFML /outgoing/Geol_CA_ContlShelf/metadata gma6sub.txt
2002.09.24 14:57 B D:\Geol_CA_ContlShelf\metadata\gma6sym.txt <-- SFML /outgoing/Geol_CA_ContlShelf/metadata gma6sym.txt
2002.09.24 14:57 B D:\Geol_CA_ContlShelf\metadata\gma7geo.txt <-- SFML /outgoing/Geol_CA_ContlShelf/metadata gma7geo.txt
2002.09.24 14:57 B D:\Geol_CA_ContlShelf\metadata\gma7hab.txt <-- SFML /outgoing/Geol_CA_ContlShelf/metadata gma7hab.txt
2002.09.24 14:57 B D:\Geol_CA_ContlShelf\metadata\gma7str.txt <-- SFML /outgoing/Geol_CA_ContlShelf/metadata gma7str.txt
2002.09.24 14:57 B D:\Geol_CA_ContlShelf\metadata\gma7sub.txt <-- SFML /outgoing/Geol_CA_ContlShelf/metadata gma7sub.txt
2002.09.24 14:57 B D:\Geol_CA_ContlShelf\metadata\gma7sym.txt <-- SFML /outgoing/Geol_CA_ContlShelf/metadata gma7sym.txt
